Determining if the pthread_create exist failed with the following output:
Change Dir: /home/callummarshall/Documents/Development/Cpp/LBM/CMakeFiles/CMakeTmp

Run Build Command(s):/usr/bin/gmake cmTC_2e294/fast 
/usr/bin/gmake -f CMakeFiles/cmTC_2e294.dir/build.make CMakeFiles/cmTC_2e294.dir/build
gmake[1]: Entering directory '/home/callummarshall/Documents/Development/Cpp/LBM/CMakeFiles/CMakeTmp'
Building C object CMakeFiles/cmTC_2e294.dir/CheckSymbolExists.c.o
/usr/bin/cc    -o CMakeFiles/cmTC_2e294.dir/CheckSymbolExists.c.o   -c /home/callummarshall/Documents/Development/Cpp/LBM/CMakeFiles/CMakeTmp/CheckSymbolExists.c
Linking C executable cmTC_2e294
/usr/bin/cmake -E cmake_link_script CMakeFiles/cmTC_2e294.dir/link.txt --verbose=1
/usr/bin/cc      -rdynamic CMakeFiles/cmTC_2e294.dir/CheckSymbolExists.c.o  -o cmTC_2e294 
/usr/bin/ld: CMakeFiles/cmTC_2e294.dir/CheckSymbolExists.c.o: in function `main':
CheckSymbolExists.c:(.text+0x16): undefined reference to `pthread_create'
collect2: error: ld returned 1 exit status
gmake[1]: *** [CMakeFiles/cmTC_2e294.dir/build.make:87: cmTC_2e294] Error 1
gmake[1]: Leaving directory '/home/callummarshall/Documents/Development/Cpp/LBM/CMakeFiles/CMakeTmp'
gmake: *** [Makefile:121: cmTC_2e294/fast] Error 2

File /home/callummarshall/Documents/Development/Cpp/LBM/CMakeFiles/CMakeTmp/CheckSymbolExists.c:
/* */
#include <pthread.h>

int main(int argc, char** argv)
{
  (void)argv;
#ifndef pthread_create
  return ((int*)(&pthread_create))[argc];
#else
  (void)argc;
  return 0;
#endif
}

Determining if the function pthread_create exists in the pthreads failed with the following output:
Change Dir: /home/callummarshall/Documents/Development/Cpp/LBM/CMakeFiles/CMakeTmp

Run Build Command(s):/usr/bin/gmake cmTC_e66b2/fast 
/usr/bin/gmake -f CMakeFiles/cmTC_e66b2.dir/build.make CMakeFiles/cmTC_e66b2.dir/build
gmake[1]: Entering directory '/home/callummarshall/Documents/Development/Cpp/LBM/CMakeFiles/CMakeTmp'
Building C object CMakeFiles/cmTC_e66b2.dir/CheckFunctionExists.c.o
/usr/bin/cc   -DCHECK_FUNCTION_EXISTS=pthread_create   -o CMakeFiles/cmTC_e66b2.dir/CheckFunctionExists.c.o   -c /usr/share/cmake/Modules/CheckFunctionExists.c
Linking C executable cmTC_e66b2
/usr/bin/cmake -E cmake_link_script CMakeFiles/cmTC_e66b2.dir/link.txt --verbose=1
/usr/bin/cc  -DCHECK_FUNCTION_EXISTS=pthread_create    -rdynamic CMakeFiles/cmTC_e66b2.dir/CheckFunctionExists.c.o  -o cmTC_e66b2 -lpthreads 
/usr/bin/ld: cannot find -lpthreads
collect2: error: ld returned 1 exit status
gmake[1]: *** [CMakeFiles/cmTC_e66b2.dir/build.make:87: cmTC_e66b2] Error 1
gmake[1]: Leaving directory '/home/callummarshall/Documents/Development/Cpp/LBM/CMakeFiles/CMakeTmp'
gmake: *** [Makefile:121: cmTC_e66b2/fast] Error 2


